go	go1.22.9
path	caddy
mod	caddy	(devel)	
dep	filippo.io/edwards25519	v1.1.0	h1:FNf4tywRC1HmFuKW5xopWpigGjJKiJSV0Cqo0cJWDaA=
dep	github.com/BurntSushi/toml	v1.3.2	h1:o7IhLm0Msx3BaB+n3Ag7L8EVlByGnpq14C4YWiu/gL8=
dep	github.com/Masterminds/goutils	v1.1.1	h1:5nUrii3FMTL5diU80unEVvNevw1nH4+ZV4DSLVJLSYI=
dep	github.com/Masterminds/semver/v3	v3.2.0	h1:3MEsd0SM6jqZojhjLWWeBY+Kcjy9i6MQAeY7YgDP83g=
dep	github.com/Masterminds/sprig/v3	v3.2.3	h1:eL2fZNezLomi0uOLqjQoN6BfsDD+fyLtgbJMAj9n6YA=
dep	github.com/alecthomas/chroma/v2	v2.13.0	h1:VP72+99Fb2zEcYM0MeaWJmV+xQvz5v5cxRHd+ooU1lI=
dep	github.com/antlr4-go/antlr/v4	v4.13.0	h1:lxCg3LAv+EUK6t1i0y1V6/SLeUi0eKEKdhQAlS8TVTI=
dep	github.com/armon/go-metrics	v0.4.1	h1:hR91U9KYmb6bLBYLQjyM+3j+rcd/UhE+G78SFnF8gJA=
dep	github.com/aryann/difflib	v0.0.0-20210328193216-ff5ff6dc229b	h1:uUXgbcPDK3KpW29o4iy7GtuappbWT0l5NaMo9H9pJDw=
dep	github.com/beorn7/perks	v1.0.1	h1:VlbKKnNfV8bJzeqoa4cOKqO6bYr3WgKZxO8Z16+hsOM=
dep	github.com/buger/jsonparser	v1.1.1	h1:2PnMjfWD7wBILjqQbt530v576A/cAbQvEW9gGIpYMUs=
dep	github.com/caddyserver/cache-handler	v0.14.0	h1:AVHqBcbvpiWbM3DRnnDHkHDC7t5JP+KCV6uc358NVkA=
dep	github.com/caddyserver/caddy/v2	v2.8.4	h1:q3pe0wpBj1OcHFZ3n/1nl4V4bxBrYoSoab7rL9BMYNk=
dep	github.com/caddyserver/certmagic	v0.21.3	h1:pqRRry3yuB4CWBVq9+cUqu+Y6E2z8TswbhNx1AZeYm0=
dep	github.com/caddyserver/transform-encoder	v0.0.0-20240312163748-f627fc4f7633	h1:RDs0Ef8EI4+NnQMlIrQNM38u7+6n3M3VOnamC2vZG0k=
dep	github.com/caddyserver/zerossl	v0.1.3	h1:onS+pxp3M8HnHpN5MMbOMyNjmTheJyWRaZYwn+YTAyA=
dep	github.com/cenkalti/backoff/v4	v4.2.1	h1:y4OZtCnogmCPw98Zjyt5a6+QwPLGkiQsYW5oUqylYbM=
dep	github.com/cespare/xxhash/v2	v2.3.0	h1:UL815xU9SqsFlibzuggzjXhog7bL6oX9BbNZnL2UFvs=
dep	github.com/christophcemper/caddy-netlify-redirects	v0.2.4	h1:rdLR8E5D7jc0jujxhbZIdbCjsmC9AgeeyUQBLu0hYFY=
dep	github.com/chzyer/readline	v1.5.1	h1:upd/6fQk4src78LMRzh5vItIt361/o4uq553V8B5sGI=
dep	github.com/cpuguy83/go-md2man/v2	v2.0.3	h1:qMCsGGgs+MAzDFyp9LpAe1Lqy/fY/qCovCm0qnXZOBM=
dep	github.com/darkweak/go-esi	v0.0.5	h1:b9LHI8Tz46R+i6p8avKPHAIBRQUCZDebNmKm5w/Zrns=
dep	github.com/darkweak/souin	v1.7.0	h1:QeSxwHECzZPlYHTGYDw4xQ6EBJY94f/nfqW4BLc3YQ0=
dep	github.com/darkweak/storages/core	v0.0.8	h1:9e7rOxHiJwnvADDVCZ7LFRnUnOHGT+UMpNOFlR8BOiw=
dep	github.com/dlclark/regexp2	v1.11.0	h1:G/nrcoOa7ZXlpoa/91N3X7mM3r8eIlMBBJZvsz/mxKI=
dep	github.com/dustin/go-humanize	v1.0.1	h1:GzkhY7T5VNhEkwH0PVJgjz+fX1rhBrR7pRT3mDkpeCY=
dep	github.com/fatih/color	v1.17.0	h1:GlRw1BRJxkpqUCBKzKOw098ed57fEsKeNjpTe3cSjK4=
dep	github.com/felixge/httpsnoop	v1.0.4	h1:NFTV2Zj1bL4mc9sqWACXbQFVBBg2W3GPvqp8/ESS2Wg=
dep	github.com/fxamacker/cbor/v2	v2.6.0	h1:sU6J2usfADwWlYDAFhZBQ6TnLFBHxgesMrQfQgk1tWA=
dep	github.com/go-chi/chi/v5	v5.0.12	h1:9euLV5sTrTNTRUU9POmDUvfxyj6LAABLUcEWO+JJb4s=
dep	github.com/go-jose/go-jose/v3	v3.0.3	h1:fFKWeig/irsp7XD2zBxvnmA/XaRWp5V3CBsZXJF7G7k=
dep	github.com/go-kit/kit	v0.13.0	h1:OoneCcHKHQ03LfBpoQCUfCluwd2Vt3ohz+kvbJneZAU=
dep	github.com/go-kit/log	v0.2.1	h1:MRVx0/zhvdseW+Gza6N9rVzU/IVzaeE1SFI4raAhmBU=
dep	github.com/go-logfmt/logfmt	v0.6.0	h1:wGYYu3uicYdqXVgoYbvnkrPVXkuLM1p1ifugDMEdRi4=
dep	github.com/go-logr/logr	v1.4.2	h1:6pFjapn8bFcIbiKo3XT4j/BhANplGihG6tvd+8rYgrY=
dep	github.com/go-logr/stdr	v1.2.2	h1:hSWxHoqTgW2S2qGc0LTAI563KZ5YKYRhT3MFKZMbjag=
dep	github.com/google/cel-go	v0.20.1	h1:nDx9r8S3L4pE61eDdt8igGj8rf5kjYR3ILxWIpWNi84=
dep	github.com/google/certificate-transparency-go	v1.1.8-0.20240110162603-74a5dd331745	h1:heyoXNxkRT155x4jTAiSv5BVSVkueifPUm+Q8LUXMRo=
dep	github.com/google/go-tpm	v0.9.0	h1:sQF6YqWMi+SCXpsmS3fd21oPy/vSddwZry4JnmltHVk=
dep	github.com/google/go-tspi	v0.3.0	h1:ADtq8RKfP+jrTyIWIZDIYcKOMecRqNJFOew2IT0Inus=
dep	github.com/google/uuid	v1.6.0	h1:NIvaJDMOsjHA8n1jAhLSgzrAzy1Hgr+hNrb57e+94F0=
dep	github.com/grpc-ecosystem/grpc-gateway/v2	v2.18.0	h1:RtRsiaGvWxcwd8y3BiRZxsylPT8hLWZ5SPcfI+3IDNk=
dep	github.com/hashicorp/consul/api	v1.29.4	h1:P6slzxDLBOxUSj3fWo2o65VuKtbtOXFi7TSSgtXutuE=
dep	github.com/hashicorp/errwrap	v1.1.0	h1:OxrOeh75EUXMY8TBjag2fzXGZ40LB6IKw45YeGUDY2I=
dep	github.com/hashicorp/go-cleanhttp	v0.5.2	h1:035FKYIWjmULyFRBKPs8TBQoi0x6d9G4xc9neXJWAZQ=
dep	github.com/hashicorp/go-hclog	v1.6.3	h1:Qr2kF+eVWjTiYmU7Y31tYlP1h0q/X3Nl3tPGdaB11/k=
dep	github.com/hashicorp/go-immutable-radix	v1.3.1	h1:DKHmCUm2hRBK510BaiZlwvpD40f8bJFeZnpfm2KLowc=
dep	github.com/hashicorp/go-multierror	v1.1.1	h1:H5DkEtf6CXdFp0N0Em5UCwQpXMWke8IA0+lD48awMYo=
dep	github.com/hashicorp/go-rootcerts	v1.0.2	h1:jzhAVGtqPKbwpyCPELlgNWhE1znq+qwJtW5Oi2viEzc=
dep	github.com/hashicorp/golang-lru	v1.0.2	h1:dV3g9Z/unq5DpblPpw+Oqcv4dU/1omnb4Ok8iPY6p1c=
dep	github.com/hashicorp/serf	v0.10.1	h1:Z1H2J60yRKvfDYAOZLd2MU0ND4AH/WDz7xYHDWQsIPY=
dep	github.com/huandu/xstrings	v1.3.3	h1:/Gcsuc1x8JVbJ9/rlye4xZnVAbEkGauT8lbebqcQws4=
dep	github.com/imdario/mergo	v0.3.13	h1:lFzP57bqS/wsqKssCGmtLAb8A0wKjLGrve2q3PPVcBk=
dep	github.com/klauspost/compress	v1.17.9	h1:6KIumPrER1LHsvBVuDa0r5xaG0Es51mhhB9BQB2qeMA=
dep	github.com/klauspost/cpuid/v2	v2.2.8	h1:+StwCXwm9PdpiEkPyzBXIy+M9KUb4ODm0Zarf1kS5BM=
dep	github.com/libdns/libdns	v0.2.2	h1:O6ws7bAfRPaBsgAYt8MDe2HcNBGC29hkZ9MX2eUSX3s=
dep	github.com/manifoldco/promptui	v0.9.0	h1:3V4HzJk1TtXW1MTZMP7mdlwbBpIinw3HztaIlYthEiA=
dep	github.com/mattn/go-colorable	v0.1.13	h1:fFA4WZxdEF4tXPZVKMLwD8oUnCTTo08duU7wxecdEvA=
dep	github.com/mattn/go-isatty	v0.0.20	h1:xfD0iDuEKnDkl03q4limB+vH+GxLEtL/jb4xVJSWWEY=
dep	github.com/mgutz/ansi	v0.0.0-20200706080929-d51e80ef957d	h1:5PJl274Y63IEHC+7izoQE9x6ikvDFZS2mDVS3drnohI=
dep	github.com/mholt/acmez/v2	v2.0.2	h1:OmK6xckte2JfKGPz4OAA8aNHTiLvGp8tLzmrd/wfSyw=
dep	github.com/miekg/dns	v1.1.62	h1:cN8OuEF1/x5Rq6Np+h1epln8OiyPWV+lROx9LxcGgIQ=
dep	github.com/mitchellh/copystructure	v1.2.0	h1:vpKXTN4ewci03Vljg/q9QvCGUDttBOGBIa15WveJJGw=
dep	github.com/mitchellh/go-homedir	v1.1.0	h1:lukF9ziXFxDFPkA1vsr5zpc1XuPDn/wFntq5mG+4E0Y=
dep	github.com/mitchellh/go-ps	v1.0.0	h1:i6ampVEEF4wQFF+bkYfwYgY+F/uYJDktmvLPf7qIgjc=
dep	github.com/mitchellh/mapstructure	v1.5.0	h1:jeMsZIYE/09sWLaz43PL7Gy6RuMjD2eJVyuac5Z2hdY=
dep	github.com/mitchellh/reflectwalk	v1.0.2	h1:G2LzWKi524PWgd3mLHV8Y5k7s6XUvT0Gef6zxSIeXaQ=
dep	github.com/munnerz/goautoneg	v0.0.0-20191010083416-a7dc8b61c822	h1:C3w9PqII01/Oq1c1nUAm88MOHcQC9l5mIlSMApZMrHA=
dep	github.com/pierrec/lz4/v4	v4.1.21	h1:yOVMLb6qSIDP67pl/5F7RepeKYu/VmTyEXvuMI5d9mQ=
dep	github.com/pires/go-proxyproto	v0.7.0	h1:IukmRewDQFWC7kfnb66CSomk2q/seBuilHBYFwyq0Hs=
dep	github.com/pkg/errors	v0.9.1	h1:FEBLx1zS214owpjy7qsBeixbURkuhQAwrK5UwLGTwt4=
dep	github.com/pquerna/cachecontrol	v0.2.0	h1:vBXSNuE5MYP9IJ5kjsdo8uq+w41jSPgvba2DEnkRx9k=
dep	github.com/prometheus/client_golang	v1.20.3	h1:oPksm4K8B+Vt35tUhw6GbSNSgVlVSBH0qELP/7u83l4=
dep	github.com/prometheus/client_model	v0.6.1	h1:ZKSh/rekM+n3CeS952MLRAdFwIKqeY8b62p8ais2e9E=
dep	github.com/prometheus/common	v0.59.1	h1:LXb1quJHWm1P6wq/U824uxYi4Sg0oGvNeUm1z5dJoX0=
dep	github.com/prometheus/procfs	v0.15.1	h1:YagwOFzUgYfKKHX6Dr+sHT7km/hxC76UB0learggepc=
dep	github.com/pteich/caddy-tlsconsul	v1.5.0	h1:APUZlnlvsuYn3JylwJYavJ6+71HW7pX84c2TRgF90vc=
dep	github.com/quic-go/qpack	v0.5.1	h1:giqksBPnT/HDtZ6VhtFKgoLOWmlyo9Ei6u9PqzIMbhI=
dep	github.com/quic-go/quic-go	v0.47.0	h1:yXs3v7r2bm1wmPTYNLKAAJTHMYkPEsfYJmTazXrCZ7Y=
dep	github.com/rs/xid	v1.5.0	h1:mKX4bl4iPYJtEIxp6CYiUuLQ/8DYMoz0PUdtGgMFRVc=
dep	github.com/russross/blackfriday/v2	v2.1.0	h1:JIOH55/0cWyOuilr9/qlrm0BSXldqnqwMsf35Ld67mk=
dep	github.com/shopspring/decimal	v1.2.0	h1:abSATXmQEYyShuxI4/vyW3tV1MrKAJzCZ/0zLUXYbsQ=
dep	github.com/shurcooL/sanitized_anchor_name	v1.0.0	h1:PdmoCO6wvbs+7yrJyMORt4/BmY5IYyJwS/kOiWx8mHo=
dep	github.com/sirupsen/logrus	v1.9.3	h1:dueUQJ1C2q9oE3F7wvmSGAaVtTmUizReu6fjN8uqzbQ=
dep	github.com/slackhq/nebula	v1.6.1	h1:/OCTR3abj0Sbf2nGoLUrdDXImrCv0ZVFpVPP5qa0DsM=
dep	github.com/smallstep/certificates	v0.26.1	h1:FIUliEBcExSfJJDhRFA/s8aZgMIFuorexnRSKQd884o=
dep	github.com/smallstep/go-attestation	v0.4.4-0.20240109183208-413678f90935	h1:kjYvkvS/Wdy0PVRDUAA0gGJIVSEZYhiAJtfwYgOYoGA=
dep	github.com/smallstep/nosql	v0.6.1	h1:X8IBZFTRIp1gmuf23ne/jlD/BWKJtDQbtatxEn7Et1Y=
dep	github.com/smallstep/pkcs7	v0.0.0-20231024181729-3b98ecc1ca81	h1:B6cED3iLJTgxpdh4tuqByDjRRKan2EvtnOfHr2zHJVg=
dep	github.com/smallstep/scep	v0.0.0-20231024192529-aee96d7ad34d	h1:06LUHn4Ia2X6syjIaCMNaXXDNdU+1N/oOHynJbWgpXw=
dep	github.com/smallstep/truststore	v0.13.0	h1:90if9htAOblavbMeWlqNLnO9bsjjgVv2hQeQJCi/py4=
dep	github.com/spf13/cast	v1.4.1	h1:s0hze+J0196ZfEMTs80N7UlFt0BDuQ7Q+JDnHiMWKdA=
dep	github.com/spf13/cobra	v1.8.0	h1:7aJaZx1B85qltLMc546zn58BxxfZdR/W22ej9CFoEf0=
dep	github.com/spf13/pflag	v1.0.5	h1:iy+VFUOCP1a+8yFto/drg2CJ5u0yRoB7fZw3DKv/JXA=
dep	github.com/stoewer/go-strcase	v1.2.0	h1:Z2iHWqGXH00XYgqDmNgQbIBxf3wrNq0F3feEy0ainaU=
dep	github.com/tailscale/tscert	v0.0.0-20240517230440-bbccfbf48933	h1:pV0H+XIvFoP7pl1MRtyPXh5hqoxB5I7snOtTHgrn6HU=
dep	github.com/tj/go-redirects	v0.0.0-20200911105812-fd1ba1020b37	h1:K11tjwz8zTTSZkz4TUjfLN+y8uJWP38BbyPqZ2yB/Yk=
dep	github.com/ucarion/urlpath	v0.0.0-20200424170820-7ccc79b76bbb	h1:Ywfo8sUltxogBpFuMOFRrrSifO788kAFxmvVw31PtQQ=
dep	github.com/urfave/cli	v1.22.14	h1:ebbhrRiGK2i4naQJr+1Xj92HXZCrK7MsyTS/ob3HnAk=
dep	github.com/x448/float16	v0.8.4	h1:qLwI1I70+NjRFUR3zs1JPUCgaCXSh3SW62uAKT1mSBM=
dep	github.com/yuin/goldmark	v1.7.1	h1:3bajkSilaCbjdKVsKdZjZCLBNPL9pYzrCakKaf4U49U=
dep	github.com/yuin/goldmark-highlighting/v2	v2.0.0-20230729083705-37449abec8cc	h1:+IAOyRda+RLrxa1WC7umKOZRsGq4QrFFMYApOeHzQwQ=
dep	github.com/zeebo/blake3	v0.2.4	h1:KYQPkhpRtcqh0ssGYcKLG1JYvddkEA8QwCM/yBqhaZI=
dep	go.etcd.io/bbolt	v1.3.9	h1:8x7aARPEXiXbHmtUwAIv7eV2fQFHrLLavdiJ3uzJXoI=
dep	go.opentelemetry.io/contrib/instrumentation/net/http/otelhttp	v0.49.0	h1:jq9TW8u3so/bN+JPT166wjOI6/vQPF6Xe7nMNIltagk=
dep	go.opentelemetry.io/contrib/propagators/autoprop	v0.42.0	h1:s2RzYOAqHVgG23q8fPWYChobUoZM6rJZ98EnylJr66w=
dep	go.opentelemetry.io/contrib/propagators/aws	v1.17.0	h1:IX8d7l2uRw61BlmZBOTQFaK+y22j6vytMVTs9wFrO+c=
dep	go.opentelemetry.io/contrib/propagators/b3	v1.17.0	h1:ImOVvHnku8jijXqkwCSyYKRDt2YrnGXD4BbhcpfbfJo=
dep	go.opentelemetry.io/contrib/propagators/jaeger	v1.17.0	h1:Zbpbmwav32Ea5jSotpmkWEl3a6Xvd4tw/3xxGO1i05Y=
dep	go.opentelemetry.io/contrib/propagators/ot	v1.17.0	h1:ufo2Vsz8l76eI47jFjuVyjyB3Ae2DmfiCV/o6Vc8ii0=
dep	go.opentelemetry.io/otel	v1.24.0	h1:0LAOdjNmQeSTzGBzduGe/rU4tZhMwL5rWgtp9Ku5Jfo=
dep	go.opentelemetry.io/otel/exporters/otlp/otlptrace	v1.21.0	h1:cl5P5/GIfFh4t6xyruOgJP5QiA1pw4fYYdv6nc6CBWw=
dep	go.opentelemetry.io/otel/exporters/otlp/otlptrace/otlptracegrpc	v1.21.0	h1:tIqheXEFWAZ7O8A7m+J0aPTmpJN3YQ7qetUAdkkkKpk=
dep	go.opentelemetry.io/otel/metric	v1.24.0	h1:6EhoGWWK28x1fbpA4tYTOWBkPefTDQnb8WSGXlc88kI=
dep	go.opentelemetry.io/otel/sdk	v1.21.0	h1:FTt8qirL1EysG6sTQRZ5TokkU8d0ugCj8htOgThZXQ8=
dep	go.opentelemetry.io/otel/trace	v1.24.0	h1:CsKnnL4dUAr/0llH9FKuc698G04IrpWV0MQA/Y1YELI=
dep	go.opentelemetry.io/proto/otlp	v1.0.0	h1:T0TX0tmXU8a3CbNXzEKGeU5mIVOdf0oykP+u2lIVU/I=
dep	go.step.sm/cli-utils	v0.9.0	h1:55jYcsQbnArNqepZyAwcato6Zy2MoZDRkWW+jF+aPfQ=
dep	go.step.sm/crypto	v0.45.0	h1:Z0WYAaaOYrJmKP9sJkPW+6wy3pgN3Ija8ek/D4serjc=
dep	go.step.sm/linkedca	v0.20.1	h1:bHDn1+UG1NgRrERkWbbCiAIvv4lD5NOFaswPDTyO5vU=
dep	go.uber.org/automaxprocs	v1.5.3	h1:kWazyxZUrS3Gs4qUpbwo5kEIMGe/DAvi5Z4tl2NW4j8=
dep	go.uber.org/multierr	v1.11.0	h1:blXXJkSxSSfBVBlC76pxqeO+LN3aDfLQo+309xJstO0=
dep	go.uber.org/zap	v1.27.0	h1:aJMhYGrd5QSmlpLMr2MftRKl7t8J8PTZPA732ud/XR8=
dep	go.uber.org/zap/exp	v0.2.0	h1:FtGenNNeCATRB3CmB/yEUnjEFeJWpB/pMcy7e2bKPYs=
dep	golang.org/x/crypto	v0.27.0	h1:GXm2NjJrPaiv/h1tb2UH8QfgC/hOf/+z0p6PT8o1w7A=
dep	golang.org/x/crypto/x509roots/fallback	v0.0.0-20240507223354-67b13616a595	h1:TgSqweA595vD0Zt86JzLv3Pb/syKg8gd5KMGGbJPYFw=
dep	golang.org/x/exp	v0.0.0-20240904232852-e7e105dedf7e	h1:I88y4caeGeuDQxgdoFPUq097j7kNfw6uvuiNxUBfcBk=
dep	golang.org/x/net	v0.29.0	h1:5ORfpBpCs4HzDYoodCDBbwHzdR5UrLBZ3sOnUJmFoHo=
dep	golang.org/x/sync	v0.8.0	h1:3NFvSEYkUoMifnESzZl15y791HH1qU2xm6eCJU5ZPXQ=
dep	golang.org/x/sys	v0.25.0	h1:r+8e+loiHxRqhXVl6ML1nO3l1+oFoWbnlu2Ehimmi34=
dep	golang.org/x/term	v0.24.0	h1:Mh5cbb+Zk2hqqXNO7S1iTjEphVL+jb8ZWaqh/g+JWkM=
dep	golang.org/x/text	v0.18.0	h1:XvMDiNzPAl0jr17s6W9lcaIhGUfUORdGCNsuLmPG224=
dep	golang.org/x/time	v0.6.0	h1:eTDhh4ZXt5Qf0augr54TN6suAUudPcawVZeIAPU7D4U=
dep	google.golang.org/genproto/googleapis/api	v0.0.0-20240506185236-b8a5c65736ae	h1:AH34z6WAGVNkllnKs5raNq3yRq93VnjBG6rpfub/jYk=
dep	google.golang.org/genproto/googleapis/rpc	v0.0.0-20240429193739-8cf5692501f6	h1:DujSIu+2tC9Ht0aPNA7jgj23Iq8Ewi5sgkQ++wdvonE=
dep	google.golang.org/grpc	v1.63.2	h1:MUeiw1B2maTVZthpU5xvASfTh3LDbxHd6IJ6QQVU+xM=
dep	google.golang.org/protobuf	v1.34.2	h1:6xV6lTsCfpGD21XK49h7MhtcApnLqkfYgPcdHftf6hg=
dep	gopkg.in/natefinch/lumberjack.v2	v2.2.1	h1:bBRl1b0OH9s/DuPhuXpNl+VtCaJXFZ5/uEFST95x9zc=
dep	gopkg.in/yaml.v3	v3.0.1	h1:fxVm/GzAzEWqLHuvctI91KS9hhNmmWOoWu0XTYJS7CA=
dep	howett.net/plist	v1.0.0	h1:7CrbWYbPPO/PyNy38b2EB/+gYbjCe2DXBxgtOOZbSQM=
build	-buildmode=exe
build	-compiler=gc
build	-tags=nobadger,nomysql,nopgx
build	-trimpath=true
build	CGO_ENABLED=0
build	GOARCH=arm64
build	GOOS=darwin
build	vcs=git
build	vcs.revision=7bbb21f3a50562b9fe45fdb4f29c6026934b9b62
build	vcs.time=2024-11-12T12:15:02Z
build	vcs.modified=true

